<?xml version="1.0" encoding="UTF-8"?>
<testng-results ignored="0" total="3" passed="3" failed="0" skipped="0">
  <reporter-output>
  </reporter-output>
  <suite started-at="2023-10-03T10:54:20 IST" name="Default suite" finished-at="2023-10-03T10:55:02 IST" duration-ms="41612">
    <groups>
    </groups>
    <test started-at="2023-10-03T10:54:20 IST" name="Default test" finished-at="2023-10-03T10:55:02 IST" duration-ms="41612">
      <class name="com.Equarz.Testcases.add_delete_testcases">
        <test-method is-config="true" signature="login()[pri:0, instance:com.Equarz.Testcases.add_delete_testcases@563f38c4]" started-at="2023-10-03T10:54:21 IST" name="login" finished-at="2023-10-03T10:54:45 IST" duration-ms="24261" status="PASS">
          <reporter-output>
          </reporter-output>
        </test-method> <!-- login -->
        <test-method is-config="true" signature="initialize()[pri:0, instance:com.Equarz.Testcases.add_delete_testcases@563f38c4]" started-at="2023-10-03T10:54:46 IST" name="initialize" finished-at="2023-10-03T10:54:46 IST" duration-ms="3" status="PASS">
          <reporter-output>
          </reporter-output>
        </test-method> <!-- initialize -->
        <test-method signature="addaddress(java.lang.String,java.lang.String,java.lang.String,java.lang.String)[pri:1, instance:com.Equarz.Testcases.add_delete_testcases@563f38c4]" started-at="2023-10-03T10:54:46 IST" name="addaddress" description="address added successfully" data-provider="setdata" finished-at="2023-10-03T10:54:55 IST" duration-ms="9097" status="PASS">
          <params>
            <param index="0">
              <value>
                <![CDATA[Manikanta reddy]]>
              </value>
            </param>
            <param index="1">
              <value>
                <![CDATA[7286022147]]>
              </value>
            </param>
            <param index="2">
              <value>
                <![CDATA[Macherla]]>
              </value>
            </param>
            <param index="3">
              <value>
                <![CDATA[522613]]>
              </value>
            </param>
          </params>
          <reporter-output>
          </reporter-output>
        </test-method> <!-- addaddress -->
        <test-method is-config="true" signature="initialize()[pri:0, instance:com.Equarz.Testcases.add_delete_testcases@563f38c4]" started-at="2023-10-03T10:54:55 IST" name="initialize" finished-at="2023-10-03T10:54:55 IST" duration-ms="0" status="PASS">
          <reporter-output>
          </reporter-output>
        </test-method> <!-- initialize -->
        <test-method signature="editaddress()[pri:2, instance:com.Equarz.Testcases.add_delete_testcases@563f38c4]" started-at="2023-10-03T10:54:55 IST" name="editaddress" description="address edited successfully" finished-at="2023-10-03T10:54:57 IST" duration-ms="2328" status="PASS">
          <reporter-output>
          </reporter-output>
        </test-method> <!-- editaddress -->
        <test-method is-config="true" signature="initialize()[pri:0, instance:com.Equarz.Testcases.add_delete_testcases@563f38c4]" started-at="2023-10-03T10:54:57 IST" name="initialize" finished-at="2023-10-03T10:54:57 IST" duration-ms="2" status="PASS">
          <reporter-output>
          </reporter-output>
        </test-method> <!-- initialize -->
        <test-method signature="deleteaddress()[pri:3, instance:com.Equarz.Testcases.add_delete_testcases@563f38c4]" started-at="2023-10-03T10:54:57 IST" name="deleteaddress" description="address deleted successfully" finished-at="2023-10-03T10:55:02 IST" duration-ms="4979" status="PASS">
          <reporter-output>
          </reporter-output>
        </test-method> <!-- deleteaddress -->
      </class> <!-- com.Equarz.Testcases.add_delete_testcases -->
    </test> <!-- Default test -->
  </suite> <!-- Default suite -->
</testng-results>
