<?xml version="1.0" encoding="UTF-8"?>
<testng-results ignored="0" total="1" passed="1" failed="0" skipped="0">
  <reporter-output>
  </reporter-output>
  <suite started-at="2023-09-12T17:20:40 IST" name="Default suite" finished-at="2023-09-12T17:20:58 IST" duration-ms="17657">
    <groups>
    </groups>
    <test started-at="2023-09-12T17:20:40 IST" name="Default test" finished-at="2023-09-12T17:20:58 IST" duration-ms="17657">
      <class name="com.Equarz.Testcases.signupTest">
        <test-method is-config="true" signature="intialization()[pri:0, instance:com.Equarz.Testcases.signupTest@71ba6d4e]" started-at="2023-09-12T17:20:41 IST" name="intialization" finished-at="2023-09-12T17:20:46 IST" duration-ms="4560" status="PASS">
          <reporter-output>
          </reporter-output>
        </test-method> <!-- intialization -->
        <test-method signature="verifyurl(java.lang.String,java.lang.String,java.lang.String,java.lang.String,java.lang.String,java.lang.String)[pri:0, instance:com.Equarz.Testcases.signupTest@71ba6d4e]" started-at="2023-09-12T17:20:46 IST" name="verifyurl" data-provider="setdata" finished-at="2023-09-12T17:20:58 IST" duration-ms="12294" status="PASS">
          <params>
            <param index="0">
              <value>
                <![CDATA[Manikanta ]]>
              </value>
            </param>
            <param index="1">
              <value>
                <![CDATA[Reddy]]>
              </value>
            </param>
            <param index="2">
              <value>
                <![CDATA[manikantachirra12345@gmail.com]]>
              </value>
            </param>
            <param index="3">
              <value>
                <![CDATA[8340875514]]>
              </value>
            </param>
            <param index="4">
              <value>
                <![CDATA[Manikanta12345@]]>
              </value>
            </param>
            <param index="5">
              <value>
                <![CDATA[Manikanta12345@]]>
              </value>
            </param>
          </params>
          <reporter-output>
          </reporter-output>
        </test-method> <!-- verifyurl -->
      </class> <!-- com.Equarz.Testcases.signupTest -->
    </test> <!-- Default test -->
  </suite> <!-- Default suite -->
</testng-results>
