<?xml version="1.0" encoding="UTF-8"?>
<!-- Generated by org.testng.reporters.JUnitXMLReporter -->
<testsuite ignored="0" hostname="DESKTOP-F41BGMI" failures="0" tests="3" name="Default test" time="41.612" errors="0" timestamp="2023-10-03T10:55:02 IST">
  <testcase classname="com.Equarz.Testcases.add_delete_testcases" name="addaddress" time="9.097"/>
  <testcase classname="com.Equarz.Testcases.add_delete_testcases" name="editaddress" time="2.328"/>
  <testcase classname="com.Equarz.Testcases.add_delete_testcases" name="deleteaddress" time="4.979"/>
</testsuite> <!-- Default test -->
