<?xml version="1.0" encoding="UTF-8"?>
<!-- Generated by org.testng.reporters.JUnitXMLReporter -->
<testsuite ignored="2" hostname="DESKTOP-F41BGMI" failures="0" tests="1" name="Default test" time="20.856" errors="0" timestamp="2023-10-19T12:09:11 IST">
  <testcase classname="com.Equarz.Testcases.logout_test" name="back" time="2.86"/>
  <testcase classname="com.Equarz.Testcases.logout_test" name="refresh" time="0.0">
    <ignored/>
  </testcase> <!-- refresh -->
  <testcase classname="com.Equarz.Testcases.logout_test" name="logout" time="0.0">
    <ignored/>
  </testcase> <!-- logout -->
</testsuite> <!-- Default test -->
